<?xml version="1.0" encoding="UTF-8"?>
<!-- Generated by org.testng.reporters.JUnitReportReporter -->
<testsuite hostname="LAPTOP-28KS5UKO" failures="0" tests="3" name="com.hrm.qa.testdata.LoginPageTest" time="30.204" errors="0" timestamp="2022-02-24T11:52:05 IST" skipped="0">
  <testcase classname="com.hrm.qa.testdata.LoginPageTest" name="loginPageTitleTest" time="11.994"/>
  <system-out/>
  <testcase classname="com.hrm.qa.testdata.LoginPageTest" name="siteLogo" time="5.652"/>
  <system-out/>
  <testcase classname="com.hrm.qa.testdata.LoginPageTest" name="loginTest" time="12.558"/>
  <system-out/>
</testsuite> <!-- com.hrm.qa.testdata.LoginPageTest -->
