<?xml version="1.0" encoding="UTF-8"?>
<!-- Generated by org.testng.reporters.JUnitReportReporter -->
<testsuite hostname="LAPTOP-28KS5UKO" failures="0" tests="3" name="com.hrm.qa.testcases.HomePageTest" time="39.203" errors="0" timestamp="2022-02-24T17:47:20 IST" skipped="0">
  <testcase classname="com.hrm.qa.testcases.HomePageTest" name="verifyLoginTest" time="11.360"/>
  <system-out/>
  <testcase classname="com.hrm.qa.testcases.HomePageTest" name="clickAdminTest" time="13.100"/>
  <system-out/>
  <testcase classname="com.hrm.qa.testcases.HomePageTest" name="clickMyInfoTest" time="14.743"/>
  <system-out/>
</testsuite> <!-- com.hrm.qa.testcases.HomePageTest -->
